<?xml version="1.0" encoding="UTF-8"?>
<!-- Generated by org.testng.reporters.JUnitReportReporter -->
<testsuite hostname="DESKTOP-B94R4DD" failures="0" tests="4" name="sept12_TestNG.DataDrivenWithDataProviderAnnotation" time="54.264" errors="0" timestamp="2026-09-12T13:31:41 IST" skipped="0">
  <testcase classname="sept12_TestNG.DataDrivenWithDataProviderAnnotation" name="searchProd" time="12.631"/>
  <testcase classname="sept12_TestNG.DataDrivenWithDataProviderAnnotation" name="searchProd" time="13.094"/>
  <testcase classname="sept12_TestNG.DataDrivenWithDataProviderAnnotation" name="searchProd" time="14.082"/>
  <testcase classname="sept12_TestNG.DataDrivenWithDataProviderAnnotation" name="searchProd" time="14.457"/>
</testsuite> <!-- sept12_TestNG.DataDrivenWithDataProviderAnnotation -->
