<?xml version="1.0" encoding="UTF-8"?>
<!-- Generated by org.testng.reporters.JUnitReportReporter -->
<testsuite hostname="DESKTOP-B94R4DD" failures="0" tests="3" name="sept11_TestNG.MouseHoverOverAction" time="10.787" errors="0" timestamp="2026-09-11T20:48:16 IST" skipped="0">
  <testcase classname="sept11_TestNG.MouseHoverOverAction" name="mouseHoverOverAndRightClickOnInstagramLink" time="4.208"/>
  <testcase classname="sept11_TestNG.MouseHoverOverAction" name="robotClass" time="2.167"/>
  <testcase classname="sept11_TestNG.MouseHoverOverAction" name="windowHandles" time="4.412"/>
</testsuite> <!-- sept11_TestNG.MouseHoverOverAction -->
