<?xml version="1.0" encoding="UTF-8"?>
<!-- Generated by org.testng.reporters.JUnitReportReporter -->
<testsuite hostname="DESKTOP-B94R4DD" failures="0" tests="3" name="sept02_TestNG.MouseHoverOverActions" time="13.364" errors="0" timestamp="2026-09-04T22:47:50 IST" skipped="0">
  <testcase classname="sept02_TestNG.MouseHoverOverActions" name="rightClickOnInstagramLink" time="5.115"/>
  <testcase classname="sept02_TestNG.MouseHoverOverActions" name="robotClass" time="3.037"/>
  <testcase classname="sept02_TestNG.MouseHoverOverActions" name="windowHandles" time="5.212"/>
</testsuite> <!-- sept02_TestNG.MouseHoverOverActions -->
